[ 2014-11-12T00:55:39+08:00 ] 127.0.0.1 /
INFO: [ app_init ] --START--
INFO: Run Behavior\BuildLiteBehavior [ RunTime:0.000031s ]
INFO: [ app_init ] --END-- [ RunTime:0.001521s ]
INFO: [ app_begin ] --START--
INFO: Run Behavior\ReadHtmlCacheBehavior [ RunTime:0.038098s ]
INFO: [ app_begin ] --END-- [ RunTime:0.038241s ]
INFO: [ view_parse ] --START--
INFO: Run Behavior\ParseTemplateBehavior [ RunTime:0.030695s ]
INFO: [ view_parse ] --END-- [ RunTime:0.030853s ]
INFO: [ view_filter ] --START--
INFO: Run Behavior\WriteHtmlCacheBehavior [ RunTime:0.086168s ]
INFO: [ view_filter ] --END-- [ RunTime:0.086307s ]
INFO: [ app_end ] --START--
INFO: Run Behavior\ShowPageTraceBehavior [ RunTime:0.062805s ]
INFO: [ app_end ] --END-- [ RunTime:0.062921s ]

[ 2014-11-12T00:59:55+08:00 ] 127.0.0.1 /home/test_router5/s
INFO: [ app_init ] --START--
INFO: Run Behavior\BuildLiteBehavior [ RunTime:0.000045s ]
INFO: [ app_init ] --END-- [ RunTime:0.001359s ]
INFO: [ app_begin ] --START--
INFO: Run Behavior\ReadHtmlCacheBehavior [ RunTime:0.002090s ]
INFO: [ app_begin ] --END-- [ RunTime:0.002205s ]
NOTIC: [8] Undefined index: age D:\www\php\spk\GitHub-SparkLee\StudyPHP\ThinkPHP3.2.2Study\Apps\Home\Controller\IndexController.class.php 第 37 行.
NOTIC: [8] Undefined index: year D:\www\php\spk\GitHub-SparkLee\StudyPHP\ThinkPHP3.2.2Study\Apps\Home\Controller\IndexController.class.php 第 38 行.
NOTIC: [8] Undefined index: month D:\www\php\spk\GitHub-SparkLee\StudyPHP\ThinkPHP3.2.2Study\Apps\Home\Controller\IndexController.class.php 第 39 行.
INFO: [ app_end ] --START--
INFO: Run Behavior\ShowPageTraceBehavior [ RunTime:0.003124s ]
INFO: [ app_end ] --END-- [ RunTime:0.003246s ]

[ 2014-11-12T01:00:34+08:00 ] 127.0.0.1 /home/test_router5/sparkleee
INFO: [ app_init ] --START--
INFO: Run Behavior\BuildLiteBehavior [ RunTime:0.000031s ]
INFO: [ app_init ] --END-- [ RunTime:0.001045s ]
INFO: [ app_begin ] --START--
INFO: Run Behavior\ReadHtmlCacheBehavior [ RunTime:0.001838s ]
INFO: [ app_begin ] --END-- [ RunTime:0.001951s ]
NOTIC: [8] Undefined index: age D:\www\php\spk\GitHub-SparkLee\StudyPHP\ThinkPHP3.2.2Study\Apps\Home\Controller\IndexController.class.php 第 37 行.
NOTIC: [8] Undefined index: year D:\www\php\spk\GitHub-SparkLee\StudyPHP\ThinkPHP3.2.2Study\Apps\Home\Controller\IndexController.class.php 第 38 行.
NOTIC: [8] Undefined index: month D:\www\php\spk\GitHub-SparkLee\StudyPHP\ThinkPHP3.2.2Study\Apps\Home\Controller\IndexController.class.php 第 39 行.
INFO: [ app_end ] --START--
INFO: Run Behavior\ShowPageTraceBehavior [ RunTime:0.002826s ]
INFO: [ app_end ] --END-- [ RunTime:0.002928s ]

[ 2014-11-12T01:00:41+08:00 ] 127.0.0.1 /home/test_router5/sparklee
INFO: [ app_init ] --START--
INFO: Run Behavior\BuildLiteBehavior [ RunTime:0.000030s ]
INFO: [ app_init ] --END-- [ RunTime:0.001075s ]
INFO: [ app_begin ] --START--
INFO: Run Behavior\ReadHtmlCacheBehavior [ RunTime:0.001954s ]
INFO: [ app_begin ] --END-- [ RunTime:0.002104s ]
NOTIC: [8] Undefined index: age D:\www\php\spk\GitHub-SparkLee\StudyPHP\ThinkPHP3.2.2Study\Apps\Home\Controller\IndexController.class.php 第 37 行.
NOTIC: [8] Undefined index: year D:\www\php\spk\GitHub-SparkLee\StudyPHP\ThinkPHP3.2.2Study\Apps\Home\Controller\IndexController.class.php 第 38 行.
NOTIC: [8] Undefined index: month D:\www\php\spk\GitHub-SparkLee\StudyPHP\ThinkPHP3.2.2Study\Apps\Home\Controller\IndexController.class.php 第 39 行.
INFO: [ app_end ] --START--
INFO: Run Behavior\ShowPageTraceBehavior [ RunTime:0.002806s ]
INFO: [ app_end ] --END-- [ RunTime:0.002908s ]

[ 2014-11-12T01:00:43+08:00 ] 127.0.0.1 /home/test_router5/sparklee
INFO: [ app_init ] --START--
INFO: Run Behavior\BuildLiteBehavior [ RunTime:0.000028s ]
INFO: [ app_init ] --END-- [ RunTime:0.001089s ]
INFO: [ app_begin ] --START--
INFO: Run Behavior\ReadHtmlCacheBehavior [ RunTime:0.002254s ]
INFO: [ app_begin ] --END-- [ RunTime:0.002395s ]
NOTIC: [8] Undefined index: age D:\www\php\spk\GitHub-SparkLee\StudyPHP\ThinkPHP3.2.2Study\Apps\Home\Controller\IndexController.class.php 第 37 行.
NOTIC: [8] Undefined index: year D:\www\php\spk\GitHub-SparkLee\StudyPHP\ThinkPHP3.2.2Study\Apps\Home\Controller\IndexController.class.php 第 38 行.
NOTIC: [8] Undefined index: month D:\www\php\spk\GitHub-SparkLee\StudyPHP\ThinkPHP3.2.2Study\Apps\Home\Controller\IndexController.class.php 第 39 行.
INFO: [ app_end ] --START--
INFO: Run Behavior\ShowPageTraceBehavior [ RunTime:0.002841s ]
INFO: [ app_end ] --END-- [ RunTime:0.002947s ]

[ 2014-11-12T01:00:45+08:00 ] 127.0.0.1 /home/test_router5/spark
INFO: [ app_init ] --START--
INFO: Run Behavior\BuildLiteBehavior [ RunTime:0.000032s ]
INFO: [ app_init ] --END-- [ RunTime:0.001346s ]
INFO: [ app_begin ] --START--
INFO: Run Behavior\ReadHtmlCacheBehavior [ RunTime:0.001855s ]
INFO: [ app_begin ] --END-- [ RunTime:0.001985s ]
ERR: 无法加载控制器:Test_router5

[ 2014-11-12T01:00:47+08:00 ] 127.0.0.1 /home/test_router5/spark
INFO: [ app_init ] --START--
INFO: Run Behavior\BuildLiteBehavior [ RunTime:0.000034s ]
INFO: [ app_init ] --END-- [ RunTime:0.001150s ]
INFO: [ app_begin ] --START--
INFO: Run Behavior\ReadHtmlCacheBehavior [ RunTime:0.001948s ]
INFO: [ app_begin ] --END-- [ RunTime:0.002073s ]
ERR: 无法加载控制器:Test_router5

[ 2014-11-12T01:00:47+08:00 ] 127.0.0.1 /home/test_router5/spark
INFO: [ app_init ] --START--
INFO: Run Behavior\BuildLiteBehavior [ RunTime:0.000037s ]
INFO: [ app_init ] --END-- [ RunTime:0.001394s ]
INFO: [ app_begin ] --START--
INFO: Run Behavior\ReadHtmlCacheBehavior [ RunTime:0.001860s ]
INFO: [ app_begin ] --END-- [ RunTime:0.001976s ]
ERR: 无法加载控制器:Test_router5

[ 2014-11-12T01:04:04+08:00 ] 127.0.0.1 /home/test_router6
INFO: [ app_init ] --START--
INFO: Run Behavior\BuildLiteBehavior [ RunTime:0.000031s ]
INFO: [ app_init ] --END-- [ RunTime:0.001408s ]
NOTIC: [2] preg_match(): Compilation failed: nothing to repeat at offset 16 D:\www\php\spk\GitHub-SparkLee\StudyPHP\ThinkPHP3.2.2Study\ThinkPHP\Library\Think\Route.class.php 第 58 行.
INFO: [ app_begin ] --START--
INFO: Run Behavior\ReadHtmlCacheBehavior [ RunTime:0.002934s ]
INFO: [ app_begin ] --END-- [ RunTime:0.003066s ]
ERR: 无法加载控制器:Test_router6

[ 2014-11-12T01:04:08+08:00 ] 127.0.0.1 /home/test_router6/sparklee
INFO: [ app_init ] --START--
INFO: Run Behavior\BuildLiteBehavior [ RunTime:0.000036s ]
INFO: [ app_init ] --END-- [ RunTime:0.001232s ]
NOTIC: [2] preg_match(): Compilation failed: nothing to repeat at offset 16 D:\www\php\spk\GitHub-SparkLee\StudyPHP\ThinkPHP3.2.2Study\ThinkPHP\Library\Think\Route.class.php 第 58 行.
INFO: [ app_begin ] --START--
INFO: Run Behavior\ReadHtmlCacheBehavior [ RunTime:0.002062s ]
INFO: [ app_begin ] --END-- [ RunTime:0.002201s ]
ERR: 无法加载控制器:Test_router6

[ 2014-11-12T01:04:50+08:00 ] 127.0.0.1 /home/test_router6/sparklee
INFO: [ app_init ] --START--
INFO: Run Behavior\BuildLiteBehavior [ RunTime:0.000034s ]
INFO: [ app_init ] --END-- [ RunTime:0.001281s ]
INFO: [ app_begin ] --START--
INFO: Run Behavior\ReadHtmlCacheBehavior [ RunTime:0.001850s ]
INFO: [ app_begin ] --END-- [ RunTime:0.001983s ]
NOTIC: [8] Undefined index: age D:\www\php\spk\GitHub-SparkLee\StudyPHP\ThinkPHP3.2.2Study\Apps\Home\Controller\IndexController.class.php 第 37 行.
NOTIC: [8] Undefined index: year D:\www\php\spk\GitHub-SparkLee\StudyPHP\ThinkPHP3.2.2Study\Apps\Home\Controller\IndexController.class.php 第 38 行.
NOTIC: [8] Undefined index: month D:\www\php\spk\GitHub-SparkLee\StudyPHP\ThinkPHP3.2.2Study\Apps\Home\Controller\IndexController.class.php 第 39 行.
INFO: [ app_end ] --START--
INFO: Run Behavior\ShowPageTraceBehavior [ RunTime:0.002953s ]
INFO: [ app_end ] --END-- [ RunTime:0.003068s ]

[ 2014-11-12T01:04:55+08:00 ] 127.0.0.1 /home/test_router6/sparkleeasdfasdf
INFO: [ app_init ] --START--
INFO: Run Behavior\BuildLiteBehavior [ RunTime:0.000037s ]
INFO: [ app_init ] --END-- [ RunTime:0.001247s ]
INFO: [ app_begin ] --START--
INFO: Run Behavior\ReadHtmlCacheBehavior [ RunTime:0.001536s ]
INFO: [ app_begin ] --END-- [ RunTime:0.001654s ]
NOTIC: [8] Undefined index: age D:\www\php\spk\GitHub-SparkLee\StudyPHP\ThinkPHP3.2.2Study\Apps\Home\Controller\IndexController.class.php 第 37 行.
NOTIC: [8] Undefined index: year D:\www\php\spk\GitHub-SparkLee\StudyPHP\ThinkPHP3.2.2Study\Apps\Home\Controller\IndexController.class.php 第 38 行.
NOTIC: [8] Undefined index: month D:\www\php\spk\GitHub-SparkLee\StudyPHP\ThinkPHP3.2.2Study\Apps\Home\Controller\IndexController.class.php 第 39 行.
INFO: [ app_end ] --START--
INFO: Run Behavior\ShowPageTraceBehavior [ RunTime:0.003078s ]
INFO: [ app_end ] --END-- [ RunTime:0.003200s ]

[ 2014-11-12T01:08:29+08:00 ] 127.0.0.1 /home/test_router7/%E4%B8%AD%E5%9B%BD%E4%BA%BA
INFO: [ app_init ] --START--
INFO: Run Behavior\BuildLiteBehavior [ RunTime:0.000032s ]
INFO: [ app_init ] --END-- [ RunTime:0.001557s ]
INFO: [ app_begin ] --START--
INFO: Run Behavior\ReadHtmlCacheBehavior [ RunTime:0.002633s ]
INFO: [ app_begin ] --END-- [ RunTime:0.002765s ]
NOTIC: [8] Undefined index: age D:\www\php\spk\GitHub-SparkLee\StudyPHP\ThinkPHP3.2.2Study\Apps\Home\Controller\IndexController.class.php 第 37 行.
NOTIC: [8] Undefined index: year D:\www\php\spk\GitHub-SparkLee\StudyPHP\ThinkPHP3.2.2Study\Apps\Home\Controller\IndexController.class.php 第 38 行.
NOTIC: [8] Undefined index: month D:\www\php\spk\GitHub-SparkLee\StudyPHP\ThinkPHP3.2.2Study\Apps\Home\Controller\IndexController.class.php 第 39 行.
INFO: [ app_end ] --START--
INFO: Run Behavior\ShowPageTraceBehavior [ RunTime:0.003252s ]
INFO: [ app_end ] --END-- [ RunTime:0.003378s ]

[ 2014-11-12T01:08:43+08:00 ] 127.0.0.1 /home/test_router7/%E4%B8%AD%E5%9B%BD%E4%BA%BA
INFO: [ app_init ] --START--
INFO: Run Behavior\BuildLiteBehavior [ RunTime:0.000031s ]
INFO: [ app_init ] --END-- [ RunTime:0.001159s ]
INFO: [ app_begin ] --START--
INFO: Run Behavior\ReadHtmlCacheBehavior [ RunTime:0.001743s ]
INFO: [ app_begin ] --END-- [ RunTime:0.001868s ]
NOTIC: [8] Undefined index: age D:\www\php\spk\GitHub-SparkLee\StudyPHP\ThinkPHP3.2.2Study\Apps\Home\Controller\IndexController.class.php 第 37 行.
NOTIC: [8] Undefined index: year D:\www\php\spk\GitHub-SparkLee\StudyPHP\ThinkPHP3.2.2Study\Apps\Home\Controller\IndexController.class.php 第 38 行.
NOTIC: [8] Undefined index: month D:\www\php\spk\GitHub-SparkLee\StudyPHP\ThinkPHP3.2.2Study\Apps\Home\Controller\IndexController.class.php 第 39 行.
INFO: [ app_end ] --START--
INFO: Run Behavior\ShowPageTraceBehavior [ RunTime:0.003049s ]
INFO: [ app_end ] --END-- [ RunTime:0.003156s ]

[ 2014-11-12T11:33:17+08:00 ] 127.0.0.1 /
INFO: [ app_init ] --START--
INFO: Run Behavior\BuildLiteBehavior [ RunTime:0.000000s ]
INFO: [ app_init ] --END-- [ RunTime:0.147008s ]
INFO: [ app_begin ] --START--
INFO: Run Behavior\ReadHtmlCacheBehavior [ RunTime:0.015001s ]
INFO: [ app_begin ] --END-- [ RunTime:0.017001s ]
INFO: [ view_parse ] --START--
INFO: Run Behavior\ParseTemplateBehavior [ RunTime:0.014000s ]
INFO: [ view_parse ] --END-- [ RunTime:0.016001s ]
INFO: [ view_filter ] --START--
INFO: Run Behavior\WriteHtmlCacheBehavior [ RunTime:0.015000s ]
INFO: [ view_filter ] --END-- [ RunTime:0.017001s ]
INFO: [ app_end ] --START--
INFO: Run Behavior\ShowPageTraceBehavior [ RunTime:0.002000s ]
INFO: [ app_end ] --END-- [ RunTime:0.005000s ]

[ 2014-11-12T11:33:24+08:00 ] 127.0.0.1 /home/test
INFO: [ app_init ] --START--
INFO: Run Behavior\BuildLiteBehavior [ RunTime:0.001000s ]
INFO: [ app_init ] --END-- [ RunTime:0.003000s ]
INFO: [ app_begin ] --START--
INFO: Run Behavior\ReadHtmlCacheBehavior [ RunTime:0.002000s ]
INFO: [ app_begin ] --END-- [ RunTime:0.005000s ]
ERR: 无法加载控制器:Test

[ 2014-11-12T11:42:20+08:00 ] 127.0.0.1 /home/test_router8
INFO: [ app_init ] --START--
INFO: Run Behavior\BuildLiteBehavior [ RunTime:0.000000s ]
INFO: [ app_init ] --END-- [ RunTime:0.003000s ]
INFO: [ app_begin ] --START--
INFO: Run Behavior\ReadHtmlCacheBehavior [ RunTime:0.003000s ]
INFO: [ app_begin ] --END-- [ RunTime:0.005000s ]
ERR: 无法加载控制器:Test_router8

[ 2014-11-12T11:42:24+08:00 ] 127.0.0.1 /home/test_router8/2014
INFO: [ app_init ] --START--
INFO: Run Behavior\BuildLiteBehavior [ RunTime:0.000000s ]
INFO: [ app_init ] --END-- [ RunTime:0.003000s ]
INFO: [ app_begin ] --START--
INFO: Run Behavior\ReadHtmlCacheBehavior [ RunTime:0.002000s ]
INFO: [ app_begin ] --END-- [ RunTime:0.005000s ]
ERR: 无法加载控制器:Test_router8

[ 2014-11-12T11:44:15+08:00 ] 127.0.0.1 /home/test_router9/spark
INFO: [ app_init ] --START--
INFO: Run Behavior\BuildLiteBehavior [ RunTime:0.001000s ]
INFO: [ app_init ] --END-- [ RunTime:0.005000s ]
INFO: [ app_begin ] --START--
INFO: Run Behavior\ReadHtmlCacheBehavior [ RunTime:0.003000s ]
INFO: [ app_begin ] --END-- [ RunTime:0.004000s ]
ERR: 无法加载控制器:Http:www.baidu.com

[ 2014-11-12T11:44:26+08:00 ] 127.0.0.1 /home/test_router9/spark
INFO: [ app_init ] --START--
INFO: Run Behavior\BuildLiteBehavior [ RunTime:0.001000s ]
INFO: [ app_init ] --END-- [ RunTime:0.003000s ]
INFO: [ app_begin ] --START--
INFO: Run Behavior\ReadHtmlCacheBehavior [ RunTime:0.003000s ]
INFO: [ app_begin ] --END-- [ RunTime:0.005000s ]
ERR: 无法加载控制器:Test_router9

[ 2014-11-12T11:44:28+08:00 ] 127.0.0.1 /home/test_router9/spark
INFO: [ app_init ] --START--
INFO: Run Behavior\BuildLiteBehavior [ RunTime:0.001000s ]
INFO: [ app_init ] --END-- [ RunTime:0.015001s ]
INFO: [ app_begin ] --START--
INFO: Run Behavior\ReadHtmlCacheBehavior [ RunTime:0.002000s ]
INFO: [ app_begin ] --END-- [ RunTime:0.004000s ]
ERR: 无法加载控制器:Test_router9

[ 2014-11-12T11:45:32+08:00 ] 127.0.0.1 /home/test_router9/spark
INFO: [ app_init ] --START--
INFO: Run Behavior\BuildLiteBehavior [ RunTime:0.001000s ]
INFO: [ app_init ] --END-- [ RunTime:0.004001s ]
INFO: [ app_begin ] --START--
INFO: Run Behavior\ReadHtmlCacheBehavior [ RunTime:0.002000s ]
INFO: [ app_begin ] --END-- [ RunTime:0.005000s ]
ERR: 无法加载控制器:Http:www.baidu.com

[ 2014-11-12T11:45:42+08:00 ] 127.0.0.1 /home/test_router9/spark
INFO: [ app_init ] --START--
INFO: Run Behavior\BuildLiteBehavior [ RunTime:0.001000s ]
INFO: [ app_init ] --END-- [ RunTime:0.003001s ]
INFO: [ app_begin ] --START--
INFO: Run Behavior\ReadHtmlCacheBehavior [ RunTime:0.002000s ]
INFO: [ app_begin ] --END-- [ RunTime:0.004000s ]
INFO: [ view_parse ] --START--
INFO: Run Behavior\ParseTemplateBehavior [ RunTime:0.006000s ]
INFO: [ view_parse ] --END-- [ RunTime:0.008000s ]
INFO: [ view_filter ] --START--
INFO: Run Behavior\WriteHtmlCacheBehavior [ RunTime:0.003000s ]
INFO: [ view_filter ] --END-- [ RunTime:0.005000s ]
INFO: [ app_end ] --START--
INFO: Run Behavior\ShowPageTraceBehavior [ RunTime:0.003000s ]
INFO: [ app_end ] --END-- [ RunTime:0.005000s ]

[ 2014-11-12T11:45:46+08:00 ] 127.0.0.1 /home/test_router9/spark
INFO: [ app_init ] --START--
INFO: Run Behavior\BuildLiteBehavior [ RunTime:0.000000s ]
INFO: [ app_init ] --END-- [ RunTime:0.002000s ]
INFO: [ app_begin ] --START--
INFO: Run Behavior\ReadHtmlCacheBehavior [ RunTime:0.002000s ]
INFO: [ app_begin ] --END-- [ RunTime:0.005000s ]
INFO: [ view_parse ] --START--
INFO: Run Behavior\ParseTemplateBehavior [ RunTime:0.004000s ]
INFO: [ view_parse ] --END-- [ RunTime:0.006000s ]
INFO: [ view_filter ] --START--
INFO: Run Behavior\WriteHtmlCacheBehavior [ RunTime:0.003000s ]
INFO: [ view_filter ] --END-- [ RunTime:0.005000s ]
INFO: [ app_end ] --START--
INFO: Run Behavior\ShowPageTraceBehavior [ RunTime:0.003000s ]
INFO: [ app_end ] --END-- [ RunTime:0.005000s ]

[ 2014-11-12T11:45:46+08:00 ] 127.0.0.1 /home/test_router9/spark
INFO: [ app_init ] --START--
INFO: Run Behavior\BuildLiteBehavior [ RunTime:0.000000s ]
INFO: [ app_init ] --END-- [ RunTime:0.005000s ]
INFO: [ app_begin ] --START--
INFO: Run Behavior\ReadHtmlCacheBehavior [ RunTime:0.003001s ]
INFO: [ app_begin ] --END-- [ RunTime:0.005001s ]
INFO: [ view_parse ] --START--
INFO: Run Behavior\ParseTemplateBehavior [ RunTime:0.005000s ]
INFO: [ view_parse ] --END-- [ RunTime:0.007000s ]
INFO: [ view_filter ] --START--
INFO: Run Behavior\WriteHtmlCacheBehavior [ RunTime:0.002000s ]
INFO: [ view_filter ] --END-- [ RunTime:0.005000s ]
INFO: [ app_end ] --START--
INFO: Run Behavior\ShowPageTraceBehavior [ RunTime:0.003000s ]
INFO: [ app_end ] --END-- [ RunTime:0.005001s ]

[ 2014-11-12T11:45:46+08:00 ] 127.0.0.1 /home/test_router9/spark
INFO: [ app_init ] --START--
INFO: Run Behavior\BuildLiteBehavior [ RunTime:0.000000s ]
INFO: [ app_init ] --END-- [ RunTime:0.004000s ]
INFO: [ app_begin ] --START--
INFO: Run Behavior\ReadHtmlCacheBehavior [ RunTime:0.003000s ]
INFO: [ app_begin ] --END-- [ RunTime:0.006001s ]
INFO: [ view_parse ] --START--
INFO: Run Behavior\ParseTemplateBehavior [ RunTime:0.004000s ]
INFO: [ view_parse ] --END-- [ RunTime:0.008000s ]
INFO: [ view_filter ] --START--
INFO: Run Behavior\WriteHtmlCacheBehavior [ RunTime:0.003001s ]
INFO: [ view_filter ] --END-- [ RunTime:0.005001s ]
INFO: [ app_end ] --START--
INFO: Run Behavior\ShowPageTraceBehavior [ RunTime:0.002000s ]
INFO: [ app_end ] --END-- [ RunTime:0.004000s ]

[ 2014-11-12T11:47:46+08:00 ] 127.0.0.1 /home/test_router9/spark
INFO: [ app_init ] --START--
INFO: Run Behavior\BuildLiteBehavior [ RunTime:0.000000s ]
INFO: [ app_init ] --END-- [ RunTime:0.003001s ]
INFO: [ app_begin ] --START--
INFO: Run Behavior\ReadHtmlCacheBehavior [ RunTime:0.003000s ]
INFO: [ app_begin ] --END-- [ RunTime:0.005001s ]
ERR: 无法加载控制器:Admin

[ 2014-11-12T11:47:47+08:00 ] 127.0.0.1 /home/test_router9/spark
INFO: [ app_init ] --START--
INFO: Run Behavior\BuildLiteBehavior [ RunTime:0.001000s ]
INFO: [ app_init ] --END-- [ RunTime:0.004000s ]
INFO: [ app_begin ] --START--
INFO: Run Behavior\ReadHtmlCacheBehavior [ RunTime:0.003000s ]
INFO: [ app_begin ] --END-- [ RunTime:0.005000s ]
ERR: 无法加载控制器:Admin

[ 2014-11-12T11:47:47+08:00 ] 127.0.0.1 /home/test_router9/spark
INFO: [ app_init ] --START--
INFO: Run Behavior\BuildLiteBehavior [ RunTime:0.000000s ]
INFO: [ app_init ] --END-- [ RunTime:0.004000s ]
INFO: [ app_begin ] --START--
INFO: Run Behavior\ReadHtmlCacheBehavior [ RunTime:0.002000s ]
INFO: [ app_begin ] --END-- [ RunTime:0.006000s ]
ERR: 无法加载控制器:Admin

[ 2014-11-12T11:47:47+08:00 ] 127.0.0.1 /home/test_router9/spark
INFO: [ app_init ] --START--
INFO: Run Behavior\BuildLiteBehavior [ RunTime:0.001000s ]
INFO: [ app_init ] --END-- [ RunTime:0.004000s ]
INFO: [ app_begin ] --START--
INFO: Run Behavior\ReadHtmlCacheBehavior [ RunTime:0.004000s ]
INFO: [ app_begin ] --END-- [ RunTime:0.006001s ]
ERR: 无法加载控制器:Admin

[ 2014-11-12T11:47:48+08:00 ] 127.0.0.1 /home/test_router9/spark
INFO: [ app_init ] --START--
INFO: Run Behavior\BuildLiteBehavior [ RunTime:0.000000s ]
INFO: [ app_init ] --END-- [ RunTime:0.003001s ]
INFO: [ app_begin ] --START--
INFO: Run Behavior\ReadHtmlCacheBehavior [ RunTime:0.002000s ]
INFO: [ app_begin ] --END-- [ RunTime:0.004000s ]
ERR: 无法加载控制器:Admin

[ 2014-11-12T11:47:48+08:00 ] 127.0.0.1 /home/test_router9/spark
INFO: [ app_init ] --START--
INFO: Run Behavior\BuildLiteBehavior [ RunTime:0.001000s ]
INFO: [ app_init ] --END-- [ RunTime:0.003000s ]
INFO: [ app_begin ] --START--
INFO: Run Behavior\ReadHtmlCacheBehavior [ RunTime:0.002000s ]
INFO: [ app_begin ] --END-- [ RunTime:0.004000s ]
ERR: 无法加载控制器:Admin

[ 2014-11-12T11:47:48+08:00 ] 127.0.0.1 /home/test_router9/spark
INFO: [ app_init ] --START--
INFO: Run Behavior\BuildLiteBehavior [ RunTime:0.000000s ]
INFO: [ app_init ] --END-- [ RunTime:0.003000s ]
INFO: [ app_begin ] --START--
INFO: Run Behavior\ReadHtmlCacheBehavior [ RunTime:0.002000s ]
INFO: [ app_begin ] --END-- [ RunTime:0.004000s ]
ERR: 无法加载控制器:Admin

[ 2014-11-12T11:47:48+08:00 ] 127.0.0.1 /home/test_router9/spark
INFO: [ app_init ] --START--
INFO: Run Behavior\BuildLiteBehavior [ RunTime:0.000000s ]
INFO: [ app_init ] --END-- [ RunTime:0.005000s ]
INFO: [ app_begin ] --START--
INFO: Run Behavior\ReadHtmlCacheBehavior [ RunTime:0.003001s ]
INFO: [ app_begin ] --END-- [ RunTime:0.006001s ]
ERR: 无法加载控制器:Admin

[ 2014-11-12T11:47:48+08:00 ] 127.0.0.1 /home/test_router9/spark
INFO: [ app_init ] --START--
INFO: Run Behavior\BuildLiteBehavior [ RunTime:0.001000s ]
INFO: [ app_init ] --END-- [ RunTime:0.005000s ]
INFO: [ app_begin ] --START--
INFO: Run Behavior\ReadHtmlCacheBehavior [ RunTime:0.002000s ]
INFO: [ app_begin ] --END-- [ RunTime:0.004000s ]
ERR: 无法加载控制器:Admin

[ 2014-11-12T11:48:03+08:00 ] 127.0.0.1 /home/test_router9/spark
INFO: [ app_init ] --START--
INFO: Run Behavior\BuildLiteBehavior [ RunTime:0.000000s ]
INFO: [ app_init ] --END-- [ RunTime:0.004000s ]
INFO: [ app_begin ] --START--
INFO: Run Behavior\ReadHtmlCacheBehavior [ RunTime:0.003000s ]
INFO: [ app_begin ] --END-- [ RunTime:0.005000s ]
ERR: 无法加载控制器:Admin

[ 2014-11-12T11:48:04+08:00 ] 127.0.0.1 /home/test_router9/spark
INFO: [ app_init ] --START--
INFO: Run Behavior\BuildLiteBehavior [ RunTime:0.000000s ]
INFO: [ app_init ] --END-- [ RunTime:0.003000s ]
INFO: [ app_begin ] --START--
INFO: Run Behavior\ReadHtmlCacheBehavior [ RunTime:0.002000s ]
INFO: [ app_begin ] --END-- [ RunTime:0.004000s ]
ERR: 无法加载控制器:Admin

[ 2014-11-12T11:48:04+08:00 ] 127.0.0.1 /home/test_router9/spark
INFO: [ app_init ] --START--
INFO: Run Behavior\BuildLiteBehavior [ RunTime:0.000000s ]
INFO: [ app_init ] --END-- [ RunTime:0.003000s ]
INFO: [ app_begin ] --START--
INFO: Run Behavior\ReadHtmlCacheBehavior [ RunTime:0.003001s ]
INFO: [ app_begin ] --END-- [ RunTime:0.007001s ]
ERR: 无法加载控制器:Admin

[ 2014-11-12T11:48:04+08:00 ] 127.0.0.1 /home/test_router9/spark
INFO: [ app_init ] --START--
INFO: Run Behavior\BuildLiteBehavior [ RunTime:0.001000s ]
INFO: [ app_init ] --END-- [ RunTime:0.006000s ]
INFO: [ app_begin ] --START--
INFO: Run Behavior\ReadHtmlCacheBehavior [ RunTime:0.003000s ]
INFO: [ app_begin ] --END-- [ RunTime:0.005000s ]
ERR: 无法加载控制器:Admin

[ 2014-11-12T11:48:04+08:00 ] 127.0.0.1 /home/test_router9/spark
INFO: [ app_init ] --START--
INFO: Run Behavior\BuildLiteBehavior [ RunTime:0.001000s ]
INFO: [ app_init ] --END-- [ RunTime:0.003000s ]
INFO: [ app_begin ] --START--
INFO: Run Behavior\ReadHtmlCacheBehavior [ RunTime:0.002000s ]
INFO: [ app_begin ] --END-- [ RunTime:0.004000s ]
ERR: 无法加载控制器:Admin

[ 2014-11-12T11:48:05+08:00 ] 127.0.0.1 /home/test_router9/spark
INFO: [ app_init ] --START--
INFO: Run Behavior\BuildLiteBehavior [ RunTime:0.000000s ]
INFO: [ app_init ] --END-- [ RunTime:0.004000s ]
INFO: [ app_begin ] --START--
INFO: Run Behavior\ReadHtmlCacheBehavior [ RunTime:0.002000s ]
INFO: [ app_begin ] --END-- [ RunTime:0.004000s ]
ERR: 无法加载控制器:Admin

[ 2014-11-12T11:48:05+08:00 ] 127.0.0.1 /home/test_router9/spark
INFO: [ app_init ] --START--
INFO: Run Behavior\BuildLiteBehavior [ RunTime:0.000000s ]
INFO: [ app_init ] --END-- [ RunTime:0.003000s ]
INFO: [ app_begin ] --START--
INFO: Run Behavior\ReadHtmlCacheBehavior [ RunTime:0.002000s ]
INFO: [ app_begin ] --END-- [ RunTime:0.005000s ]
ERR: 无法加载控制器:Admin

[ 2014-11-12T11:48:05+08:00 ] 127.0.0.1 /home/test_router9/spark
INFO: [ app_init ] --START--
INFO: Run Behavior\BuildLiteBehavior [ RunTime:0.000000s ]
INFO: [ app_init ] --END-- [ RunTime:0.002000s ]
INFO: [ app_begin ] --START--
INFO: Run Behavior\ReadHtmlCacheBehavior [ RunTime:0.002001s ]
INFO: [ app_begin ] --END-- [ RunTime:0.004001s ]
ERR: 无法加载控制器:Admin

[ 2014-11-12T11:48:05+08:00 ] 127.0.0.1 /home/test_router9/spark
INFO: [ app_init ] --START--
INFO: Run Behavior\BuildLiteBehavior [ RunTime:0.001000s ]
INFO: [ app_init ] --END-- [ RunTime:0.004000s ]
INFO: [ app_begin ] --START--
INFO: Run Behavior\ReadHtmlCacheBehavior [ RunTime:0.002000s ]
INFO: [ app_begin ] --END-- [ RunTime:0.005000s ]
ERR: 无法加载控制器:Admin

[ 2014-11-12T11:48:05+08:00 ] 127.0.0.1 /home/test_router9/spark
INFO: [ app_init ] --START--
INFO: Run Behavior\BuildLiteBehavior [ RunTime:0.001000s ]
INFO: [ app_init ] --END-- [ RunTime:0.005000s ]
INFO: [ app_begin ] --START--
INFO: Run Behavior\ReadHtmlCacheBehavior [ RunTime:0.002000s ]
INFO: [ app_begin ] --END-- [ RunTime:0.006000s ]
ERR: 无法加载控制器:Admin

[ 2014-11-12T11:48:12+08:00 ] 127.0.0.1 /home/test_router9/spark
INFO: [ app_init ] --START--
INFO: Run Behavior\BuildLiteBehavior [ RunTime:0.000000s ]
INFO: [ app_init ] --END-- [ RunTime:0.003001s ]
INFO: [ app_begin ] --START--
INFO: Run Behavior\ReadHtmlCacheBehavior [ RunTime:0.003000s ]
INFO: [ app_begin ] --END-- [ RunTime:0.006000s ]
ERR: 无法加载控制器:Home

[ 2014-11-12T11:48:13+08:00 ] 127.0.0.1 /home/test_router9/spark
INFO: [ app_init ] --START--
INFO: Run Behavior\BuildLiteBehavior [ RunTime:0.000000s ]
INFO: [ app_init ] --END-- [ RunTime:0.003001s ]
INFO: [ app_begin ] --START--
INFO: Run Behavior\ReadHtmlCacheBehavior [ RunTime:0.003000s ]
INFO: [ app_begin ] --END-- [ RunTime:0.006000s ]
ERR: 无法加载控制器:Home

[ 2014-11-12T11:48:13+08:00 ] 127.0.0.1 /home/test_router9/spark
INFO: [ app_init ] --START--
INFO: Run Behavior\BuildLiteBehavior [ RunTime:0.001001s ]
INFO: [ app_init ] --END-- [ RunTime:0.005001s ]
INFO: [ app_begin ] --START--
INFO: Run Behavior\ReadHtmlCacheBehavior [ RunTime:0.002000s ]
INFO: [ app_begin ] --END-- [ RunTime:0.005000s ]
ERR: 无法加载控制器:Home

[ 2014-11-12T11:48:14+08:00 ] 127.0.0.1 /home/test_router9/spark
INFO: [ app_init ] --START--
INFO: Run Behavior\BuildLiteBehavior [ RunTime:0.000000s ]
INFO: [ app_init ] --END-- [ RunTime:0.004000s ]
INFO: [ app_begin ] --START--
INFO: Run Behavior\ReadHtmlCacheBehavior [ RunTime:0.002000s ]
INFO: [ app_begin ] --END-- [ RunTime:0.004000s ]
ERR: 无法加载控制器:Home

[ 2014-11-12T11:48:14+08:00 ] 127.0.0.1 /home/test_router9/spark
INFO: [ app_init ] --START--
INFO: Run Behavior\BuildLiteBehavior [ RunTime:0.001000s ]
INFO: [ app_init ] --END-- [ RunTime:0.004000s ]
INFO: [ app_begin ] --START--
INFO: Run Behavior\ReadHtmlCacheBehavior [ RunTime:0.002000s ]
INFO: [ app_begin ] --END-- [ RunTime:0.006000s ]
ERR: 无法加载控制器:Home

[ 2014-11-12T11:48:14+08:00 ] 127.0.0.1 /home/test_router9/spark
INFO: [ app_init ] --START--
INFO: Run Behavior\BuildLiteBehavior [ RunTime:0.000000s ]
INFO: [ app_init ] --END-- [ RunTime:0.003000s ]
INFO: [ app_begin ] --START--
INFO: Run Behavior\ReadHtmlCacheBehavior [ RunTime:0.002000s ]
INFO: [ app_begin ] --END-- [ RunTime:0.004000s ]
ERR: 无法加载控制器:Home

[ 2014-11-12T11:48:22+08:00 ] 127.0.0.1 /home/test_router9/spark
INFO: [ app_init ] --START--
INFO: Run Behavior\BuildLiteBehavior [ RunTime:0.000000s ]
INFO: [ app_init ] --END-- [ RunTime:0.003000s ]
INFO: [ app_begin ] --START--
INFO: Run Behavior\ReadHtmlCacheBehavior [ RunTime:0.003000s ]
INFO: [ app_begin ] --END-- [ RunTime:0.005000s ]
INFO: [ view_parse ] --START--
INFO: Run Behavior\ParseTemplateBehavior [ RunTime:0.006001s ]
INFO: [ view_parse ] --END-- [ RunTime:0.009001s ]
INFO: [ view_filter ] --START--
INFO: Run Behavior\WriteHtmlCacheBehavior [ RunTime:0.003000s ]
INFO: [ view_filter ] --END-- [ RunTime:0.005000s ]
INFO: [ app_end ] --START--
INFO: Run Behavior\ShowPageTraceBehavior [ RunTime:0.003000s ]
INFO: [ app_end ] --END-- [ RunTime:0.006001s ]

[ 2014-11-12T11:48:27+08:00 ] 127.0.0.1 /home/test_router9/spark
INFO: [ app_init ] --START--
INFO: Run Behavior\BuildLiteBehavior [ RunTime:0.000000s ]
INFO: [ app_init ] --END-- [ RunTime:0.004001s ]
INFO: [ app_begin ] --START--
INFO: Run Behavior\ReadHtmlCacheBehavior [ RunTime:0.003000s ]
INFO: [ app_begin ] --END-- [ RunTime:0.005000s ]
ERR: 非法操作:test

[ 2014-11-12T11:48:42+08:00 ] 127.0.0.1 /home/test_router9/spark
INFO: [ app_init ] --START--
INFO: Run Behavior\BuildLiteBehavior [ RunTime:0.000000s ]
INFO: [ app_init ] --END-- [ RunTime:0.004000s ]
INFO: [ app_begin ] --START--
INFO: Run Behavior\ReadHtmlCacheBehavior [ RunTime:0.002000s ]
INFO: [ app_begin ] --END-- [ RunTime:0.004000s ]
NOTIC: [8] Undefined index: name D:\www\spk\GitHub-SparkLee\StudyPHP\ThinkPHP3.2.2Study\Apps\Home\Controller\IndexController.class.php 第 36 行.
NOTIC: [8] Undefined index: age D:\www\spk\GitHub-SparkLee\StudyPHP\ThinkPHP3.2.2Study\Apps\Home\Controller\IndexController.class.php 第 37 行.
NOTIC: [8] Undefined index: year D:\www\spk\GitHub-SparkLee\StudyPHP\ThinkPHP3.2.2Study\Apps\Home\Controller\IndexController.class.php 第 38 行.
NOTIC: [8] Undefined index: month D:\www\spk\GitHub-SparkLee\StudyPHP\ThinkPHP3.2.2Study\Apps\Home\Controller\IndexController.class.php 第 39 行.
INFO: [ app_end ] --START--
INFO: Run Behavior\ShowPageTraceBehavior [ RunTime:0.003000s ]
INFO: [ app_end ] --END-- [ RunTime:0.007000s ]

[ 2014-11-12T11:48:44+08:00 ] 127.0.0.1 /home/test_router9/spark
INFO: [ app_init ] --START--
INFO: Run Behavior\BuildLiteBehavior [ RunTime:0.000000s ]
INFO: [ app_init ] --END-- [ RunTime:0.004001s ]
INFO: [ app_begin ] --START--
INFO: Run Behavior\ReadHtmlCacheBehavior [ RunTime:0.003000s ]
INFO: [ app_begin ] --END-- [ RunTime:0.005000s ]
NOTIC: [8] Undefined index: name D:\www\spk\GitHub-SparkLee\StudyPHP\ThinkPHP3.2.2Study\Apps\Home\Controller\IndexController.class.php 第 36 行.
NOTIC: [8] Undefined index: age D:\www\spk\GitHub-SparkLee\StudyPHP\ThinkPHP3.2.2Study\Apps\Home\Controller\IndexController.class.php 第 37 行.
NOTIC: [8] Undefined index: year D:\www\spk\GitHub-SparkLee\StudyPHP\ThinkPHP3.2.2Study\Apps\Home\Controller\IndexController.class.php 第 38 行.
NOTIC: [8] Undefined index: month D:\www\spk\GitHub-SparkLee\StudyPHP\ThinkPHP3.2.2Study\Apps\Home\Controller\IndexController.class.php 第 39 行.
INFO: [ app_end ] --START--
INFO: Run Behavior\ShowPageTraceBehavior [ RunTime:0.003000s ]
INFO: [ app_end ] --END-- [ RunTime:0.005000s ]

[ 2014-11-12T11:49:04+08:00 ] 127.0.0.1 /home/test_router9/spark
INFO: [ app_init ] --START--
INFO: Run Behavior\BuildLiteBehavior [ RunTime:0.001000s ]
INFO: [ app_init ] --END-- [ RunTime:0.003000s ]
INFO: [ app_begin ] --START--
INFO: Run Behavior\ReadHtmlCacheBehavior [ RunTime:0.003000s ]
INFO: [ app_begin ] --END-- [ RunTime:0.004000s ]
NOTIC: [8] Undefined index: name D:\www\spk\GitHub-SparkLee\StudyPHP\ThinkPHP3.2.2Study\Apps\Home\Controller\IndexController.class.php 第 36 行.
NOTIC: [8] Undefined index: age D:\www\spk\GitHub-SparkLee\StudyPHP\ThinkPHP3.2.2Study\Apps\Home\Controller\IndexController.class.php 第 37 行.
NOTIC: [8] Undefined index: year D:\www\spk\GitHub-SparkLee\StudyPHP\ThinkPHP3.2.2Study\Apps\Home\Controller\IndexController.class.php 第 38 行.
NOTIC: [8] Undefined index: month D:\www\spk\GitHub-SparkLee\StudyPHP\ThinkPHP3.2.2Study\Apps\Home\Controller\IndexController.class.php 第 39 行.
INFO: [ app_end ] --START--
INFO: Run Behavior\ShowPageTraceBehavior [ RunTime:0.003000s ]
INFO: [ app_end ] --END-- [ RunTime:0.005000s ]

[ 2014-11-12T11:49:43+08:00 ] 127.0.0.1 /home/test_router9/spark
INFO: [ app_init ] --START--
INFO: Run Behavior\BuildLiteBehavior [ RunTime:0.001000s ]
INFO: [ app_init ] --END-- [ RunTime:0.003000s ]
INFO: [ app_begin ] --START--
INFO: Run Behavior\ReadHtmlCacheBehavior [ RunTime:0.003000s ]
INFO: [ app_begin ] --END-- [ RunTime:0.005000s ]
NOTIC: [8] Undefined index: name D:\www\spk\GitHub-SparkLee\StudyPHP\ThinkPHP3.2.2Study\Apps\Home\Controller\IndexController.class.php 第 36 行.
NOTIC: [8] Undefined index: age D:\www\spk\GitHub-SparkLee\StudyPHP\ThinkPHP3.2.2Study\Apps\Home\Controller\IndexController.class.php 第 37 行.
NOTIC: [8] Undefined index: year D:\www\spk\GitHub-SparkLee\StudyPHP\ThinkPHP3.2.2Study\Apps\Home\Controller\IndexController.class.php 第 38 行.
NOTIC: [8] Undefined index: month D:\www\spk\GitHub-SparkLee\StudyPHP\ThinkPHP3.2.2Study\Apps\Home\Controller\IndexController.class.php 第 39 行.
INFO: [ app_end ] --START--
INFO: Run Behavior\ShowPageTraceBehavior [ RunTime:0.003000s ]
INFO: [ app_end ] --END-- [ RunTime:0.005000s ]

